Arguments: 
  /home/taejinyi/.nvm/versions/node/v10.4.0/bin/node /mnt/c/Users/user/AppData/Roaming/nvm/v8.11.3/node_modules/yarn/bin/yarn.js install

PATH: 
  /home/taejinyi/.nvm/versions/node/v10.4.0/bin:/home/taejinyi/.pyenv/plugins/pyenv-virtualenv/shims:/home/taejinyi/.pyenv/shims:/home/taejinyi/.pyenv/bin:/usr/local/sbin:/usr/local/bin:/usr/sbin:/usr/bin:/sbin:/bin:/usr/games:/usr/local/games:/mnt/c/Program Files (x86)/Common Files/Oracle/Java/javapath_target_15135921:/mnt/c/Windows/System32:/mnt/c/Windows:/mnt/c/Windows/System32/wbem:/mnt/c/Windows/System32/WindowsPowerShell/v1.0:/mnt/c/Program Files (x86)/File Viewer Lite/lib/magick:/mnt/c/Program Files/Git/cmd:/mnt/c/Program Files/Git/mingw64/bin:/mnt/c/Program Files/Git/usr/bin:/mnt/c/Users/user/AppData/Roaming/nvm:/mnt/c/Users/user/AppData/Roaming/nvm/v8.11.3:/mnt/c/Program Files (x86)/ePapyrus/Papyrus-PlugIn-ntas:/mnt/c/Program Files (x86)/ePapyrus/Papyrus-PlugIn-ntas/Addins:/mnt/c/Windows/System32/OpenSSH:/mnt/c/Program Files/Microsoft VS Code/bin:/mnt/c/Users/user/AppData/Local/Programs/Python/Python36-32/Scripts:/mnt/c/Users/user/AppData/Local/Programs/Python/Python36-32:/mnt/c/Users/user/AppData/Local/Microsoft/WindowsApps:/mnt/c/Program Files/Bandizip:/mnt/c/Users/user/AppData/Roaming/nvm:/mnt/c/Users/user/AppData/Roaming/nvm/v8.11.3:/snap/bin

Yarn version: 
  1.7.0

Node version: 
  10.4.0

Platform: 
  linux x64

Trace: 
  Error: EEXIST: file already exists, mkdir '/mnt/c/myproject/rediwallet/node_modules/express/node_modules/raw-body/node_modules'

npm manifest: 
  {
    "name": "my-new-project",
    "main": "node_modules/expo/AppEntry.js",
    "private": true,
    "scripts": {
      "start": "expo start",
      "android": "expo start --android",
      "ios": "expo start --ios",
      "eject": "expo eject",
      "test": "node ./node_modules/jest/bin/jest.js --watchAll"
    },
    "jest": {
      "preset": "jest-expo"
    },
    "dependencies": {
      "ethers": "^3.0.26",
      "@expo/samples": "2.1.1",
      "expo": "^27.0.1",
      "native-base": "^2.4.2",
      "node-libs-browser": "2.1.0",
      "pouchdb-react-native": "^6.4.1",
      "react": "16.3.1",
      "react-native": "0.55.2",
      "react-native-indicator": "^0.7.0",
      "react-redux": "^5.0.7",
      "redux-saga": "^0.16.0",
      "web3": "1.0.0-beta.34",
      "hangul-js": "^0.2.4",
      "i18next": "^11.2.2",
      "numeral": "^2.0.6",
      "react-i18next": "^7.6.0",
      "react-native-custom-qr-codes": "^1.0.2",
      "react-native-elements": "^0.19.1",
      "react-native-material-bottom-navigation": "^0.9.0",
      "react-native-modal": "^5.4.0",
      "react-native-otp-inputs": "^0.5.0",
      "react-native-progress": "^3.4.0",
      "react-native-snap-carousel": "^3.7.0",
      "react-native-swipeable": "^0.6.0",
      "react-navigation": "1.5.11",
      "react-navigation-redux-helpers": "^1.0.5",
      "redux-thunk": "^2.2.0",
      "tcomb-form-native": "^0.6.11"
    },
    "devDependencies": {
      "babel-cli": "^6.26.0",
      "babel-preset-es2015": "^6.24.1",
      "jest-expo": "27.0.0",
      "react-native-scripts": "1.14.0",
      "react-test-renderer": "16.3.1"
    }
  }

yarn manifest: 
  No manifest

Lockfile: 
  No lockfile
